V1.83(SCHEME)
8	8
 	1	Шаблон элементов.txt
	06DB3003	00D82000	00000003	00000003	1	00054600
	0
	0
	0
	0
	0
	6	1
		6
		22
		23
		26
		44
	0
	0
	0
	0
	0
	0
	0
	0
	0
	0
	0
	6	1044	0	00000019	Этаж
		1001	0	00000019
		1026	0	00000019
		1022	0	00000019
		1023	0	00000019
		1006	0	00000019
		=|/
	[===]
	0
	0
	0
	0
V2_Спецификация	2	Шаблон компонент.txt
	1CFF1998	40D82040	00000003	00000003	0	18454700
	1	1
	0
	0
	0
	0
	2	20
		44
	0
	0
	0
	0
	0
	0
	0
	0
	0
	0
	0
	6	1020	0	00000019	Марка
		3001	0	00000019	Данные
		3002	0	00000019	Вес
		3006	0	00000019	Ед.изм.
		3101	0	00000019
		1044	0	00000019
		 ;0
	[===]
	0
	0
	0
	0
V2_Ведомость отделки без потолк	0	Шаблон зон.txt
	00D91002	40D84200	00000003	00000026	0	00054300
	0
	0
	1	0
	0
	0
	3	1
		6
		19
	4	125
		464
		465
		467
	6	5
		13
		14
		16
		18
		46
	0
	0
	0
	0
	0
	1	-49	омещение
	0
	12	12		Информация в смету
		2		Высота панелей
		9		Отделка панелей
		9		Отделка колонн
		9		Отделка стен от потолка до верха
		9		Отделка стен от панелей до потолка
		9		Потолка
		12		Тип потолка
		12		Тип пола
		12		Тип отделки
		2		Высота до потолка
		2		Длина участков без стен
	0
	25	4046	0	00000019	1
		4005	0	00000019	2
		4014	0	00000019	3
		4016	0	00000019	4
		4018	0	00000019	5
		4013	0	00000019	6
		2003	0	00000019	Длина участков без стен
		465	1	00000019	7
		468	1	00000019	8
		2003	0	00000019	Высота панелей
		2003	0	00000019	Потолка
		2003	0	00000019	Отделка панелей
		2003	0	00000019	Отделка стен от панелей до потолка
		2003	0	00000019	Отделка колонн
		466	1	00000019	15
		1001	1	00000019	16
		1006	1	00000019	17
		2003	0	00000019	Тип отделки
		1019	1	00000019	19
		2003	0	00000019	Тип пола
		2003	0	00000019	Тип потолка
		2003	0	00000019	Высота до потолка
		2003	0	00000019	Отделка стен от потолка до верха
		2003	0	00000019	Информация в смету
		126	1	00000019	25
	!	 ;0
	[===]
	0
	0
	0
	0
ЖБК	1	Шаблон элементов.txt
	02DB1226	02D82000	00000003	00000003	1	80854700
	0
	0
	0
	0
	0
	5	1
		19
		20
		23
		44
	0
	0
	0
	0
	0
	0
	0
	0
	0
	0
	0
	5	1019	0	00000018	Слой
		1020	0	00000018	Поз
		1001	0	00000018	Тип
		1044	0	00000018	Этаж
		1023	0	00000018	Объем
		-|0
	[===]
	0
	0
	0
	0
Спецификация перемычек	2	Специфик_перем.txt
	3ECD1098	00D82045	00000003	00000003	1	00054700
	12	1
		386
		397
		431
		432
		270
		301
		279
		390
		322
		388
		300
	0
	0
	4	-	_ArchiBibl_BD
		 	_ArchiBibl_BD
		ГОСТ 8509-93	_ArchiBibl_BD
		ГОСТ 948-2016	_ArchiBibl_BD
	0
	0
	0
	0
	0
	0
	0
	0
	0
	0
	0
	0
	0
	5	3006	0	00000019
		3003	0	00000019
		3001	0	00000019
		3002	0	00000019
		3005	0	00000019
		=|-
	[===]
	0
	0
	0
	0
V2_Ведомость отделки без лестни	0	Шаблон зон.txt
	00D91082	40D84200	00000003	00000226	0	00054300
	0
	0
	1	0
	0
	0
	3	1
		6
		19
	4	125
		464
		465
		467
	6	5
		13
		14
		16
		18
		46
	0
	0
	0
	0
	0
	1	-49	омещение
	1	-49	ол_Потолок_v2
	12	12		Информация в смету
		2		Высота панелей
		9		Отделка панелей
		9		Отделка колонн
		9		Отделка стен от потолка до верха
		9		Отделка стен от панелей до потолка
		9		Потолка
		12		Тип потолка
		12		Тип пола
		12		Тип отделки
		2		Высота до потолка
		2		Длина участков без стен
	5	12		Используется для
		2		Периметр
		12		Номер помещения
		13		Ручной ввод
		4		Площадь участка
	30	4046	0	00000019	ID
		4005	0	00000019
		4014	0	00000019
		4016	0	00000019
		4018	0	00000019
		4013	0	00000019
		2003	0	00000019	Длина участков без стен
		465	1	00000019
		468	1	00000019
		2003	0	00000019	Высота панелей
		2003	0	00000019	Потолка
		2003	0	00000019	Отделка панелей
		2003	0	00000019	Отделка стен от панелей до потолка
		2003	0	00000019	Отделка колонн
		466	1	00000019
		1001	1	00000019
		1006	1	00000019
		2003	0	00000019	Тип отделки
		1019	1	00000019
		2003	0	00000019	Тип потолка
		2003	0	00000019	Тип пола
		2003	0	00000019	Высота до потолка
		2003	0	00000019	Отделка стен от потолка до верха
		2003	0	00000019	Информация в смету
		126	1	00000019
		2003	1	00000019	Используется для
		2003	1	00000019	Площадь участка
		2003	1	00000019	Периметр
		2003	1	00000019	Номер помещения
		2003	1	00000019	Ручной ввод
	!	 ;0
	[===]
	0
	0
	0
	0
V2_Ведомость отделки	0	Шаблон зон.txt
	00D91082	00D84200	00000003	00000226	0	00054300
	0
	0
	1	0
	0
	0
	3	1
		6
		19
	4	125
		464
		465
		467
	6	5
		13
		14
		16
		18
		46
	0
	0
	0
	0
	0
	1	-49	омещение
	2	-49	ол_Потолок_v2
		-53	естница ЖБ
	12	12		Информация в смету
		2		Высота панелей
		9		Отделка панелей
		9		Отделка колонн
		9		Отделка стен от потолка до верха
		9		Отделка стен от панелей до потолка
		9		Потолка
		12		Тип потолка
		12		Тип пола
		12		Тип отделки
		2		Высота до потолка
		2		Длина участков без стен
	15	12		Тип пола лестницы
		12		Тип пола сверху
		12		Тип пола снизу
		12		Тип пола площадки
		12		Номер помещения
		13		Ручной ввод
		4		Площадь пола снизу
		4		Площадь пола сверху
		4		Площадь пола лестницы
		4		Площадь пола площадки
		12		Используется для
		2		Периметр
		12		Номер помещения
		13		Ручной ввод
		4		Площадь участка
	38	4046	0	00000019	ID
		4005	0	00000019
		4014	0	00000019
		4016	0	00000019
		4018	0	00000019
		4013	0	00000019
		2003	0	00000019	Длина участков без стен
		465	1	00000019
		468	1	00000019
		2003	0	00000019	Высота панелей
		2003	0	00000019	Потолка
		2003	0	00000019	Отделка панелей
		2003	0	00000019	Отделка стен от панелей до потолка
		2003	0	00000019	Отделка колонн
		466	1	00000019
		1001	1	00000019
		1006	1	00000019
		2003	0	00000019	Тип отделки
		1019	1	00000019
		2003	0	00000019	Тип потолка
		2003	0	00000019	Тип пола
		2003	0	00000019	Высота до потолка
		2003	0	00000019	Отделка стен от потолка до верха
		2003	0	00000019	Информация в смету
		126	1	00000019
		2003	1	00000019	Используется для
		2003	1	00000019	Площадь участка
		2003	1	00000019	Периметр
		2003	1	00000019	Номер помещения
		2003	1	00000019	Ручной ввод
		2003	1	00000019	Тип пола сверху
		2003	1	00000019	Тип пола лестницы
		2003	1	00000019	Тип пола снизу
		2003	1	00000019	Тип пола площадки
		2003	1	00000019	Площадь пола сверху
		2003	1	00000019	Площадь пола лестницы
		2003	1	00000019	Площадь пола снизу
		2003	1	00000019	Площадь пола площадки
	!	 ;0
	[===]
	0
	0
	0
	0
Нумерация перемычек	2	Специфик_перем.txt
	1CCD1098	00D82001	00000003	00000003	1	00054700
	12	1
		386
		397
		431
		432
		270
		301
		279
		390
		322
		388
		300
	0
	0
	4	-	_ArchiBibl_BD
		 	_ArchiBibl_BD
		ГОСТ 8509-93	_ArchiBibl_BD
		ГОСТ 948-2016	_ArchiBibl_BD
	0
	0
	0
	0
	0
	0
	0
	0
	0
	0
	0
	0
	0
	3	3003	0	00000019
		3001	0	00000019
		3002	0	00000019
		 ;-
	[===]
	0
	0
	0
	0
Спецификация перемычек (копия)	2	Специфик_перем.txt
	3ECD1098	00D82045	00000003	00000003	1	00054700
	12	1
		386
		397
		431
		432
		270
		301
		279
		390
		322
		388
		300
	0
	0
	4	-	_ArchiBibl_BD
		 	_ArchiBibl_BD
		ГОСТ 8509-93	_ArchiBibl_BD
		ГОСТ 948-2016	_ArchiBibl_BD
	0
	0
	0
	0
	0
	0
	0
	0
	0
	0
	0
	0
	0
	5	3006	0	00000019
		3003	0	00000019
		3001	0	00000019
		3002	0	00000019
		3005	0	00000019
		=|-
	[===]
	0
	0
	0
	0
